TN:
SF:utils\index.js
FN:2,Counter
FN:5,add
FN:8,minus
FNF:3
FNH:3
FNDA:17,Counter
FNDA:1,add
FNDA:1,minus
DA:1,1
DA:2,1
DA:3,17
DA:4,17
DA:5,1
DA:6,1
DA:7,1
DA:8,1
DA:9,1
DA:10,1
DA:11,1
DA:12,1
DA:13,1
LF:13
LH:13
BRDA:2,0,0,17
BRDA:5,1,0,1
BRDA:8,2,0,1
BRF:3
BRH:3
end_of_record
TN:
SF:utils\math.js
FN:3,add
FN:7,minus
FN:11,multi
FN:15,getData
FNF:4
FNH:4
FNDA:1,add
FNDA:1,minus
FNDA:1,multi
FNDA:1,getData
DA:1,1
DA:2,1
DA:3,1
DA:4,1
DA:5,1
DA:6,1
DA:7,1
DA:8,1
DA:9,1
DA:10,1
DA:11,1
DA:12,1
DA:13,1
DA:14,1
DA:15,1
DA:16,1
DA:17,1
DA:18,1
LF:18
LH:18
BRDA:3,0,0,1
BRDA:7,1,0,1
BRDA:11,2,0,1
BRDA:15,3,0,1
BRF:4
BRH:4
end_of_record
